<?xml version="1.0" encoding="UTF-8" ?>
<testsuite failures="1" time="17.931" errors="0" skipped="0" tests="1" name="tests.AddProductToCardTest">
  <properties>
[...]
</properties>
  <testcase time="5.094" classname="tests.AddProductToCardTest" name="verifyProductInCard">
    <failure message="expected [0] but found [0]" type="java.lang.AssertionError">java.lang.AssertionError: expected [0] but found [0]
	at org.testng.Assert.fail(Assert.java:94)
	at org.testng.Assert.failNotEquals(Assert.java:494)
	at org.testng.Assert.assertEquals(Assert.java:123)
	at org.testng.Assert.assertEquals(Assert.java:165)
	at tests.AddProductToCardTest.verifyProductInCard(AddProductToCardTest.java:15)
</failure>
  </testcase>
</testsuite>